2020-01-12 09:51:55.237  INFO 11652 --- [restartedMain] o.s.b.d.a.OptionalLiveReloadServer       : LiveReload server is running on port 35729
2020-01-12 09:51:55.375  INFO 11652 --- [restartedMain] o.s.b.w.embedded.tomcat.TomcatWebServer  : Tomcat started on port(s): 8081 (http) with context path ''
2020-01-12 09:51:55.376  INFO 11652 --- [restartedMain] c.inspur.community.CommunityApplication  : Started CommunityApplication in 2.159 seconds (JVM running for 801.844)
2020-01-12 09:51:55.380  INFO 11652 --- [restartedMain] .ConditionEvaluationDeltaLoggingListener : Condition evaluation unchanged
2020-01-12 09:56:51.026  INFO 11652 --- [Thread-55] o.s.s.concurrent.ThreadPoolTaskExecutor  : Shutting down ExecutorService 'applicationTaskExecutor'
2020-01-12 09:56:51.029  INFO 11652 --- [Thread-55] com.zaxxer.hikari.HikariDataSource       : HikariPool-7 - Shutdown initiated...
2020-01-12 09:56:51.097  INFO 11652 --- [Thread-55] com.zaxxer.hikari.HikariDataSource       : HikariPool-7 - Shutdown completed.
2020-01-12 09:56:52.921  INFO 11652 --- [restartedMain] c.inspur.community.CommunityApplication  : Starting CommunityApplication on PC201903292046 with PID 11652 (F:\AllCode\Javacode\community\target\classes started by Administrator in F:\AllCode\Javacode\community)
2020-01-12 09:56:52.921  INFO 11652 --- [restartedMain] c.inspur.community.CommunityApplication  : No active profile set, falling back to default profiles: default
2020-01-12 09:56:53.568  WARN 11652 --- [restartedMain] org.apache.tomcat.util.modeler.Registry  : The MBean registry cannot be disabled because it has already been initialised
2020-01-12 09:56:53.723  INFO 11652 --- [restartedMain] o.s.b.w.embedded.tomcat.TomcatWebServer  : Tomcat initialized with port(s): 8081 (http)
2020-01-12 09:56:53.725  INFO 11652 --- [restartedMain] o.apache.catalina.core.StandardService   : Starting service [Tomcat]
2020-01-12 09:56:53.726  INFO 11652 --- [restartedMain] org.apache.catalina.core.StandardEngine  : Starting Servlet engine: [Apache Tomcat/9.0.27]
2020-01-12 09:56:53.795  INFO 11652 --- [restartedMain] o.a.c.c.C.[Tomcat].[localhost].[/]       : Initializing Spring embedded WebApplicationContext
2020-01-12 09:56:53.795  INFO 11652 --- [restartedMain] o.s.web.context.ContextLoader            : Root WebApplicationContext: initialization completed in 867 ms
2020-01-12 09:56:53.835  INFO 11652 --- [restartedMain] com.zaxxer.hikari.HikariDataSource       : HikariPool-8 - Starting...
2020-01-12 09:56:53.860  INFO 11652 --- [restartedMain] com.zaxxer.hikari.HikariDataSource       : HikariPool-8 - Start completed.
2020-01-12 09:56:53.860  INFO 11652 --- [restartedMain] o.s.b.a.h2.H2ConsoleAutoConfiguration    : H2 console available at '/h2-console'. Database available at 'jdbc:h2:~/test'
2020-01-12 09:56:54.146  INFO 11652 --- [restartedMain] o.s.s.concurrent.ThreadPoolTaskExecutor  : Initializing ExecutorService 'applicationTaskExecutor'
2020-01-12 09:56:54.178  INFO 11652 --- [restartedMain] o.s.b.a.w.s.WelcomePageHandlerMapping    : Adding welcome page template: index
2020-01-12 09:56:54.713  INFO 11652 --- [restartedMain] o.s.b.d.a.OptionalLiveReloadServer       : LiveReload server is running on port 35729
2020-01-12 09:56:54.760  INFO 11652 --- [restartedMain] o.s.b.w.embedded.tomcat.TomcatWebServer  : Tomcat started on port(s): 8081 (http) with context path ''
2020-01-12 09:56:54.762  INFO 11652 --- [restartedMain] c.inspur.community.CommunityApplication  : Started CommunityApplication in 1.92 seconds (JVM running for 1101.231)
2020-01-12 09:56:54.764  INFO 11652 --- [restartedMain] .ConditionEvaluationDeltaLoggingListener : Condition evaluation unchanged
2020-01-12 09:59:00.387  INFO 11652 --- [Thread-60] o.s.s.concurrent.ThreadPoolTaskExecutor  : Shutting down ExecutorService 'applicationTaskExecutor'
2020-01-12 09:59:00.389  INFO 11652 --- [Thread-60] com.zaxxer.hikari.HikariDataSource       : HikariPool-8 - Shutdown initiated...
2020-01-12 09:59:00.631  INFO 11652 --- [Thread-60] com.zaxxer.hikari.HikariDataSource       : HikariPool-8 - Shutdown completed.
2020-01-12 09:59:01.942  INFO 11652 --- [restartedMain] c.inspur.community.CommunityApplication  : Starting CommunityApplication on PC201903292046 with PID 11652 (F:\AllCode\Javacode\community\target\classes started by Administrator in F:\AllCode\Javacode\community)
2020-01-12 09:59:01.943  INFO 11652 --- [restartedMain] c.inspur.community.CommunityApplication  : No active profile set, falling back to default profiles: default
2020-01-12 09:59:02.667  WARN 11652 --- [restartedMain] org.apache.tomcat.util.modeler.Registry  : The MBean registry cannot be disabled because it has already been initialised
2020-01-12 09:59:02.832  INFO 11652 --- [restartedMain] o.s.b.w.embedded.tomcat.TomcatWebServer  : Tomcat initialized with port(s): 8081 (http)
2020-01-12 09:59:02.834  INFO 11652 --- [restartedMain] o.apache.catalina.core.StandardService   : Starting service [Tomcat]
2020-01-12 09:59:02.834  INFO 11652 --- [restartedMain] org.apache.catalina.core.StandardEngine  : Starting Servlet engine: [Apache Tomcat/9.0.27]
2020-01-12 09:59:02.902  INFO 11652 --- [restartedMain] o.a.c.c.C.[Tomcat].[localhost].[/]       : Initializing Spring embedded WebApplicationContext
2020-01-12 09:59:02.902  INFO 11652 --- [restartedMain] o.s.web.context.ContextLoader            : Root WebApplicationContext: initialization completed in 954 ms
2020-01-12 09:59:02.920  INFO 11652 --- [restartedMain] com.zaxxer.hikari.HikariDataSource       : HikariPool-9 - Starting...
2020-01-12 09:59:02.953  INFO 11652 --- [restartedMain] com.zaxxer.hikari.HikariDataSource       : HikariPool-9 - Start completed.
2020-01-12 09:59:02.954  INFO 11652 --- [restartedMain] o.s.b.a.h2.H2ConsoleAutoConfiguration    : H2 console available at '/h2-console'. Database available at 'jdbc:h2:~/test'
2020-01-12 09:59:03.266  INFO 11652 --- [restartedMain] o.s.s.concurrent.ThreadPoolTaskExecutor  : Initializing ExecutorService 'applicationTaskExecutor'
2020-01-12 09:59:03.287  INFO 11652 --- [restartedMain] o.s.b.a.w.s.WelcomePageHandlerMapping    : Adding welcome page template: index
2020-01-12 09:59:03.657  INFO 11652 --- [restartedMain] o.s.b.d.a.OptionalLiveReloadServer       : LiveReload server is running on port 35729
2020-01-12 09:59:03.684  INFO 11652 --- [restartedMain] o.s.b.w.embedded.tomcat.TomcatWebServer  : Tomcat started on port(s): 8081 (http) with context path ''
2020-01-12 09:59:03.685  INFO 11652 --- [restartedMain] c.inspur.community.CommunityApplication  : Started CommunityApplication in 1.809 seconds (JVM running for 1230.153)
2020-01-12 09:59:03.687  INFO 11652 --- [restartedMain] .ConditionEvaluationDeltaLoggingListener : Condition evaluation unchanged
2020-01-12 10:03:43.216  INFO 11652 --- [Thread-65] o.s.s.concurrent.ThreadPoolTaskExecutor  : Shutting down ExecutorService 'applicationTaskExecutor'
2020-01-12 10:03:43.217  INFO 11652 --- [Thread-65] com.zaxxer.hikari.HikariDataSource       : HikariPool-9 - Shutdown initiated...
2020-01-12 10:03:43.347  INFO 11652 --- [Thread-65] com.zaxxer.hikari.HikariDataSource       : HikariPool-9 - Shutdown completed.
2020-01-12 10:03:45.851  INFO 11652 --- [restartedMain] c.inspur.community.CommunityApplication  : Starting CommunityApplication on PC201903292046 with PID 11652 (F:\AllCode\Javacode\community\target\classes started by Administrator in F:\AllCode\Javacode\community)
2020-01-12 10:03:45.852  INFO 11652 --- [restartedMain] c.inspur.community.CommunityApplication  : No active profile set, falling back to default profiles: default
2020-01-12 10:03:46.746  WARN 11652 --- [restartedMain] org.apache.tomcat.util.modeler.Registry  : The MBean registry cannot be disabled because it has already been initialised
2020-01-12 10:03:46.937  INFO 11652 --- [restartedMain] o.s.b.w.embedded.tomcat.TomcatWebServer  : Tomcat initialized with port(s): 8081 (http)
2020-01-12 10:03:46.939  INFO 11652 --- [restartedMain] o.apache.catalina.core.StandardService   : Starting service [Tomcat]
2020-01-12 10:03:46.939  INFO 11652 --- [restartedMain] org.apache.catalina.core.StandardEngine  : Starting Servlet engine: [Apache Tomcat/9.0.27]
2020-01-12 10:03:47.016  INFO 11652 --- [restartedMain] o.a.c.c.C.[Tomcat].[localhost].[/]       : Initializing Spring embedded WebApplicationContext
2020-01-12 10:03:47.016  INFO 11652 --- [restartedMain] o.s.web.context.ContextLoader            : Root WebApplicationContext: initialization completed in 1159 ms
2020-01-12 10:03:47.051  INFO 11652 --- [restartedMain] com.zaxxer.hikari.HikariDataSource       : HikariPool-10 - Starting...
2020-01-12 10:03:47.076  INFO 11652 --- [restartedMain] com.zaxxer.hikari.HikariDataSource       : HikariPool-10 - Start completed.
2020-01-12 10:03:47.076  INFO 11652 --- [restartedMain] o.s.b.a.h2.H2ConsoleAutoConfiguration    : H2 console available at '/h2-console'. Database available at 'jdbc:h2:~/test'
2020-01-12 10:03:47.351  INFO 11652 --- [restartedMain] o.s.s.concurrent.ThreadPoolTaskExecutor  : Initializing ExecutorService 'applicationTaskExecutor'
2020-01-12 10:03:47.399  INFO 11652 --- [restartedMain] o.s.b.a.w.s.WelcomePageHandlerMapping    : Adding welcome page template: index
2020-01-12 10:03:47.808  INFO 11652 --- [restartedMain] o.s.b.d.a.OptionalLiveReloadServer       : LiveReload server is running on port 35729
2020-01-12 10:03:47.829  INFO 11652 --- [restartedMain] o.s.b.w.embedded.tomcat.TomcatWebServer  : Tomcat started on port(s): 8081 (http) with context path ''
2020-01-12 10:03:47.830  INFO 11652 --- [restartedMain] c.inspur.community.CommunityApplication  : Started CommunityApplication in 2.076 seconds (JVM running for 1514.298)
2020-01-12 10:03:47.832  INFO 11652 --- [restartedMain] .ConditionEvaluationDeltaLoggingListener : Condition evaluation unchanged
2020-01-12 10:03:52.861  INFO 11652 --- [Thread-70] o.s.s.concurrent.ThreadPoolTaskExecutor  : Shutting down ExecutorService 'applicationTaskExecutor'
2020-01-12 10:03:52.862  INFO 11652 --- [Thread-70] com.zaxxer.hikari.HikariDataSource       : HikariPool-10 - Shutdown initiated...
2020-01-12 10:03:53.185  INFO 11652 --- [Thread-70] com.zaxxer.hikari.HikariDataSource       : HikariPool-10 - Shutdown completed.
2020-01-12 10:03:54.807  INFO 11652 --- [restartedMain] c.inspur.community.CommunityApplication  : Starting CommunityApplication on PC201903292046 with PID 11652 (F:\AllCode\Javacode\community\target\classes started by Administrator in F:\AllCode\Javacode\community)
2020-01-12 10:03:54.808  INFO 11652 --- [restartedMain] c.inspur.community.CommunityApplication  : No active profile set, falling back to default profiles: default
2020-01-12 10:03:55.522  WARN 11652 --- [restartedMain] org.apache.tomcat.util.modeler.Registry  : The MBean registry cannot be disabled because it has already been initialised
2020-01-12 10:03:55.746  INFO 11652 --- [restartedMain] o.s.b.w.embedded.tomcat.TomcatWebServer  : Tomcat initialized with port(s): 8081 (http)
2020-01-12 10:03:55.748  INFO 11652 --- [restartedMain] o.apache.catalina.core.StandardService   : Starting service [Tomcat]
2020-01-12 10:03:55.749  INFO 11652 --- [restartedMain] org.apache.catalina.core.StandardEngine  : Starting Servlet engine: [Apache Tomcat/9.0.27]
2020-01-12 10:03:55.821  INFO 11652 --- [restartedMain] o.a.c.c.C.[Tomcat].[localhost].[/]       : Initializing Spring embedded WebApplicationContext
2020-01-12 10:03:55.821  INFO 11652 --- [restartedMain] o.s.web.context.ContextLoader            : Root WebApplicationContext: initialization completed in 1008 ms
2020-01-12 10:03:55.856  INFO 11652 --- [restartedMain] com.zaxxer.hikari.HikariDataSource       : HikariPool-11 - Starting...
2020-01-12 10:03:55.928  INFO 11652 --- [restartedMain] com.zaxxer.hikari.HikariDataSource       : HikariPool-11 - Start completed.
2020-01-12 10:03:55.929  INFO 11652 --- [restartedMain] o.s.b.a.h2.H2ConsoleAutoConfiguration    : H2 console available at '/h2-console'. Database available at 'jdbc:h2:~/test'
2020-01-12 10:03:56.268  INFO 11652 --- [restartedMain] o.s.s.concurrent.ThreadPoolTaskExecutor  : Initializing ExecutorService 'applicationTaskExecutor'
2020-01-12 10:03:56.291  INFO 11652 --- [restartedMain] o.s.b.a.w.s.WelcomePageHandlerMapping    : Adding welcome page template: index
2020-01-12 10:03:56.739  INFO 11652 --- [restartedMain] o.s.b.d.a.OptionalLiveReloadServer       : LiveReload server is running on port 35729
2020-01-12 10:03:56.767  INFO 11652 --- [restartedMain] o.s.b.w.embedded.tomcat.TomcatWebServer  : Tomcat started on port(s): 8081 (http) with context path ''
2020-01-12 10:03:56.768  INFO 11652 --- [restartedMain] c.inspur.community.CommunityApplication  : Started CommunityApplication in 2.042 seconds (JVM running for 1523.236)
2020-01-12 10:03:56.770  INFO 11652 --- [restartedMain] .ConditionEvaluationDeltaLoggingListener : Condition evaluation unchanged
2020-01-12 10:04:58.994  INFO 11652 --- [Thread-75] o.s.s.concurrent.ThreadPoolTaskExecutor  : Shutting down ExecutorService 'applicationTaskExecutor'
2020-01-12 10:04:58.996  INFO 11652 --- [Thread-75] com.zaxxer.hikari.HikariDataSource       : HikariPool-11 - Shutdown initiated...
2020-01-12 10:04:59.220  INFO 11652 --- [Thread-75] com.zaxxer.hikari.HikariDataSource       : HikariPool-11 - Shutdown completed.
2020-01-12 10:05:00.915  INFO 11652 --- [restartedMain] c.inspur.community.CommunityApplication  : Starting CommunityApplication on PC201903292046 with PID 11652 (F:\AllCode\Javacode\community\target\classes started by Administrator in F:\AllCode\Javacode\community)
2020-01-12 10:05:00.916  INFO 11652 --- [restartedMain] c.inspur.community.CommunityApplication  : No active profile set, falling back to default profiles: default
2020-01-12 10:05:02.173  WARN 11652 --- [restartedMain] org.apache.tomcat.util.modeler.Registry  : The MBean registry cannot be disabled because it has already been initialised
2020-01-12 10:05:02.401  INFO 11652 --- [restartedMain] o.s.b.w.embedded.tomcat.TomcatWebServer  : Tomcat initialized with port(s): 8081 (http)
2020-01-12 10:05:02.403  INFO 11652 --- [restartedMain] o.apache.catalina.core.StandardService   : Starting service [Tomcat]
2020-01-12 10:05:02.403  INFO 11652 --- [restartedMain] org.apache.catalina.core.StandardEngine  : Starting Servlet engine: [Apache Tomcat/9.0.27]
2020-01-12 10:05:02.545  INFO 11652 --- [restartedMain] o.a.c.c.C.[Tomcat].[localhost].[/]       : Initializing Spring embedded WebApplicationContext
2020-01-12 10:05:02.545  INFO 11652 --- [restartedMain] o.s.web.context.ContextLoader            : Root WebApplicationContext: initialization completed in 1623 ms
2020-01-12 10:05:02.565  INFO 11652 --- [restartedMain] com.zaxxer.hikari.HikariDataSource       : HikariPool-12 - Starting...
2020-01-12 10:05:02.585  INFO 11652 --- [restartedMain] com.zaxxer.hikari.HikariDataSource       : HikariPool-12 - Start completed.
2020-01-12 10:05:02.585  INFO 11652 --- [restartedMain] o.s.b.a.h2.H2ConsoleAutoConfiguration    : H2 console available at '/h2-console'. Database available at 'jdbc:h2:~/test'
2020-01-12 10:05:02.949  INFO 11652 --- [restartedMain] o.s.s.concurrent.ThreadPoolTaskExecutor  : Initializing ExecutorService 'applicationTaskExecutor'
2020-01-12 10:05:02.968  INFO 11652 --- [restartedMain] o.s.b.a.w.s.WelcomePageHandlerMapping    : Adding welcome page template: index
2020-01-12 10:05:03.755  INFO 11652 --- [restartedMain] o.s.b.d.a.OptionalLiveReloadServer       : LiveReload server is running on port 35729
2020-01-12 10:05:03.787  INFO 11652 --- [restartedMain] o.s.b.w.embedded.tomcat.TomcatWebServer  : Tomcat started on port(s): 8081 (http) with context path ''
2020-01-12 10:05:03.788  INFO 11652 --- [restartedMain] c.inspur.community.CommunityApplication  : Started CommunityApplication in 2.942 seconds (JVM running for 1590.257)
2020-01-12 10:05:03.791  INFO 11652 --- [restartedMain] .ConditionEvaluationDeltaLoggingListener : Condition evaluation unchanged
2020-01-12 10:05:38.570  INFO 11652 --- [Thread-80] o.s.s.concurrent.ThreadPoolTaskExecutor  : Shutting down ExecutorService 'applicationTaskExecutor'
2020-01-12 10:05:38.571  INFO 11652 --- [Thread-80] com.zaxxer.hikari.HikariDataSource       : HikariPool-12 - Shutdown initiated...
2020-01-12 10:05:38.761  INFO 11652 --- [Thread-80] com.zaxxer.hikari.HikariDataSource       : HikariPool-12 - Shutdown completed.
2020-01-12 10:05:40.242  INFO 11652 --- [restartedMain] c.inspur.community.CommunityApplication  : Starting CommunityApplication on PC201903292046 with PID 11652 (F:\AllCode\Javacode\community\target\classes started by Administrator in F:\AllCode\Javacode\community)
2020-01-12 10:05:40.243  INFO 11652 --- [restartedMain] c.inspur.community.CommunityApplication  : No active profile set, falling back to default profiles: default
2020-01-12 10:05:41.058  WARN 11652 --- [restartedMain] org.apache.tomcat.util.modeler.Registry  : The MBean registry cannot be disabled because it has already been initialised
2020-01-12 10:05:41.271  INFO 11652 --- [restartedMain] o.s.b.w.embedded.tomcat.TomcatWebServer  : Tomcat initialized with port(s): 8081 (http)
2020-01-12 10:05:41.272  INFO 11652 --- [restartedMain] o.apache.catalina.core.StandardService   : Starting service [Tomcat]
2020-01-12 10:05:41.272  INFO 11652 --- [restartedMain] org.apache.catalina.core.StandardEngine  : Starting Servlet engine: [Apache Tomcat/9.0.27]
2020-01-12 10:05:41.331  INFO 11652 --- [restartedMain] o.a.c.c.C.[Tomcat].[localhost].[/]       : Initializing Spring embedded WebApplicationContext
2020-01-12 10:05:41.331  INFO 11652 --- [restartedMain] o.s.web.context.ContextLoader            : Root WebApplicationContext: initialization completed in 1083 ms
2020-01-12 10:05:41.360  INFO 11652 --- [restartedMain] com.zaxxer.hikari.HikariDataSource       : HikariPool-13 - Starting...
2020-01-12 10:05:41.381  INFO 11652 --- [restartedMain] com.zaxxer.hikari.HikariDataSource       : HikariPool-13 - Start completed.
2020-01-12 10:05:41.381  INFO 11652 --- [restartedMain] o.s.b.a.h2.H2ConsoleAutoConfiguration    : H2 console available at '/h2-console'. Database available at 'jdbc:h2:~/test'
2020-01-12 10:05:41.737  INFO 11652 --- [restartedMain] o.s.s.concurrent.ThreadPoolTaskExecutor  : Initializing ExecutorService 'applicationTaskExecutor'
2020-01-12 10:05:41.773  INFO 11652 --- [restartedMain] o.s.b.a.w.s.WelcomePageHandlerMapping    : Adding welcome page template: index
2020-01-12 10:05:42.221  INFO 11652 --- [restartedMain] o.s.b.d.a.OptionalLiveReloadServer       : LiveReload server is running on port 35729
2020-01-12 10:05:42.248  INFO 11652 --- [restartedMain] o.s.b.w.embedded.tomcat.TomcatWebServer  : Tomcat started on port(s): 8081 (http) with context path ''
2020-01-12 10:05:42.249  INFO 11652 --- [restartedMain] c.inspur.community.CommunityApplication  : Started CommunityApplication in 2.081 seconds (JVM running for 1628.717)
2020-01-12 10:05:42.252  INFO 11652 --- [restartedMain] .ConditionEvaluationDeltaLoggingListener : Condition evaluation unchanged
2020-01-12 10:06:11.665  INFO 11652 --- [Thread-85] o.s.s.concurrent.ThreadPoolTaskExecutor  : Shutting down ExecutorService 'applicationTaskExecutor'
2020-01-12 10:06:11.666  INFO 11652 --- [Thread-85] com.zaxxer.hikari.HikariDataSource       : HikariPool-13 - Shutdown initiated...
2020-01-12 10:06:11.913  INFO 11652 --- [Thread-85] com.zaxxer.hikari.HikariDataSource       : HikariPool-13 - Shutdown completed.
2020-01-12 10:06:13.624  INFO 11652 --- [restartedMain] c.inspur.community.CommunityApplication  : Starting CommunityApplication on PC201903292046 with PID 11652 (F:\AllCode\Javacode\community\target\classes started by Administrator in F:\AllCode\Javacode\community)
2020-01-12 10:06:13.625  INFO 11652 --- [restartedMain] c.inspur.community.CommunityApplication  : No active profile set, falling back to default profiles: default
2020-01-12 10:06:14.461  WARN 11652 --- [restartedMain] org.apache.tomcat.util.modeler.Registry  : The MBean registry cannot be disabled because it has already been initialised
2020-01-12 10:06:14.795  INFO 11652 --- [restartedMain] o.s.b.w.embedded.tomcat.TomcatWebServer  : Tomcat initialized with port(s): 8081 (http)
2020-01-12 10:06:14.797  INFO 11652 --- [restartedMain] o.apache.catalina.core.StandardService   : Starting service [Tomcat]
2020-01-12 10:06:14.798  INFO 11652 --- [restartedMain] org.apache.catalina.core.StandardEngine  : Starting Servlet engine: [Apache Tomcat/9.0.27]
2020-01-12 10:06:14.959  INFO 11652 --- [restartedMain] o.a.c.c.C.[Tomcat].[localhost].[/]       : Initializing Spring embedded WebApplicationContext
2020-01-12 10:06:14.959  INFO 11652 --- [restartedMain] o.s.web.context.ContextLoader            : Root WebApplicationContext: initialization completed in 1329 ms
2020-01-12 10:06:14.981  INFO 11652 --- [restartedMain] com.zaxxer.hikari.HikariDataSource       : HikariPool-14 - Starting...
2020-01-12 10:06:15.007  INFO 11652 --- [restartedMain] com.zaxxer.hikari.HikariDataSource       : HikariPool-14 - Start completed.
2020-01-12 10:06:15.007  INFO 11652 --- [restartedMain] o.s.b.a.h2.H2ConsoleAutoConfiguration    : H2 console available at '/h2-console'. Database available at 'jdbc:h2:~/test'
2020-01-12 10:06:15.358  INFO 11652 --- [restartedMain] o.s.s.concurrent.ThreadPoolTaskExecutor  : Initializing ExecutorService 'applicationTaskExecutor'
2020-01-12 10:06:15.402  INFO 11652 --- [restartedMain] o.s.b.a.w.s.WelcomePageHandlerMapping    : Adding welcome page template: index
2020-01-12 10:06:15.893  INFO 11652 --- [restartedMain] o.s.b.d.a.OptionalLiveReloadServer       : LiveReload server is running on port 35729
2020-01-12 10:06:15.916  INFO 11652 --- [restartedMain] o.s.b.w.embedded.tomcat.TomcatWebServer  : Tomcat started on port(s): 8081 (http) with context path ''
2020-01-12 10:06:15.917  INFO 11652 --- [restartedMain] c.inspur.community.CommunityApplication  : Started CommunityApplication in 2.397 seconds (JVM running for 1662.386)
2020-01-12 10:06:15.921  INFO 11652 --- [restartedMain] .ConditionEvaluationDeltaLoggingListener : Condition evaluation unchanged
